0 info it worked if it ends with ok
1 verbose cli [ '/usr/local/bin/node',
1 verbose cli   '/usr/local/bin/npm',
1 verbose cli   'install',
1 verbose cli   'mongodb' ]
2 info using npm@2.14.3
3 info using node@v4.0.0
4 verbose config Skipping project config: /Users/admin/.npmrc. (matches userconfig)
5 verbose install initial load of /Users/admin/package.json
6 verbose installManyTop reading scoped package data from /Users/admin/node_modules/angular/package.json
7 verbose installManyTop reading scoped package data from /Users/admin/node_modules/async/package.json
8 verbose installManyTop reading scoped package data from /Users/admin/node_modules/censorify/package.json
9 verbose installManyTop reading scoped package data from /Users/admin/node_modules/connect/package.json
10 verbose installManyTop reading scoped package data from /Users/admin/node_modules/consolidate/package.json
11 verbose installManyTop reading scoped package data from /Users/admin/node_modules/cors/package.json
12 verbose installManyTop reading scoped package data from /Users/admin/node_modules/crypto/package.json
13 verbose installManyTop reading scoped package data from /Users/admin/node_modules/express/package.json
14 verbose installManyTop reading scoped package data from /Users/admin/node_modules/grunt/package.json
15 verbose installManyTop reading scoped package data from /Users/admin/node_modules/grunt-cli/package.json
16 verbose installManyTop reading scoped package data from /Users/admin/node_modules/grunt-http-server/package.json
17 verbose installManyTop reading scoped package data from /Users/admin/node_modules/grunt-npm-install/package.json
18 verbose installManyTop reading scoped package data from /Users/admin/node_modules/gulp/package.json
19 verbose installManyTop reading scoped package data from /Users/admin/node_modules/gulp-plumber/package.json
20 verbose installManyTop reading scoped package data from /Users/admin/node_modules/gulp-sass/package.json
21 verbose installManyTop reading scoped package data from /Users/admin/node_modules/lodash/package.json
22 verbose installManyTop reading scoped package data from /Users/admin/node_modules/mongodb/package.json
23 verbose installManyTop reading scoped package data from /Users/admin/node_modules/mongoose/package.json
24 verbose installManyTop reading scoped package data from /Users/admin/node_modules/request/package.json
25 verbose installManyTop reading scoped package data from /Users/admin/node_modules/serve-static/package.json
26 verbose installManyTop reading scoped package data from /Users/admin/node_modules/xml2js/package.json
27 info package.json grunt@0.4.5 No license field.
28 info package.json grunt-cli@0.1.13 No license field.
29 info package.json grunt-http-server@0.0.5 No license field.
30 info package.json grunt-npm-install@0.1.0 No license field.
31 info package.json crypto@0.0.3 crypto is also the name of a node core module.
32 info package.json crypto@0.0.3 No license field.
33 info package.json mongodb@2.0.33 license should be a valid SPDX license expression
34 info package.json mongoose@3.8.23 No license field.
35 verbose readDependencies loading dependencies from /Users/admin/package.json
36 verbose install mongodb is installed as 2.0.33
37 silly cache add args [ 'mongodb', null ]
38 verbose cache add spec mongodb
39 silly cache add parsed spec Result {
39 silly cache add   raw: 'mongodb',
39 silly cache add   scope: null,
39 silly cache add   name: 'mongodb',
39 silly cache add   rawSpec: '',
39 silly cache add   spec: '*',
39 silly cache add   type: 'range' }
40 silly addNamed mongodb@*
41 verbose addNamed "*" is a valid semver range for mongodb
42 silly addNameRange { name: 'mongodb', range: '*', hasData: false }
43 silly mapToRegistry name mongodb
44 silly mapToRegistry using default registry
45 silly mapToRegistry registry https://registry.npmjs.org/
46 silly mapToRegistry uri https://registry.npmjs.org/mongodb
47 verbose addNameRange registry:https://registry.npmjs.org/mongodb not in flight; fetching
48 verbose request uri https://registry.npmjs.org/mongodb
49 verbose request no auth needed
50 info attempt registry request try #1 at 6:17:48 AM
51 verbose request id 3fcc8a269a2d94d7
52 verbose etag "3PY7TY7313TMI00UAX0V9FWBY"
53 http request GET https://registry.npmjs.org/mongodb
54 http 200 https://registry.npmjs.org/mongodb
55 silly get cb [ 200,
55 silly get   { server: 'CouchDB/1.5.0 (Erlang OTP/R16B03)',
55 silly get     etag: '"4NXLXOZ5T3A2Q68934W1X8UY0"',
55 silly get     'content-type': 'application/json',
55 silly get     'cache-control': 'max-age=60',
55 silly get     'content-length': '481022',
55 silly get     'accept-ranges': 'bytes',
55 silly get     date: 'Tue, 27 Oct 2015 10:17:48 GMT',
55 silly get     via: '1.1 varnish',
55 silly get     age: '0',
55 silly get     connection: 'keep-alive',
55 silly get     'x-served-by': 'cache-iad2144-IAD',
55 silly get     'x-cache': 'HIT',
55 silly get     'x-cache-hits': '1',
55 silly get     'x-timer': 'S1445941068.425959,VS0,VE375',
55 silly get     vary: 'Accept' } ]
56 verbose get saving mongodb to /Users/admin/.npm/registry.npmjs.org/mongodb/.cache.json
57 silly addNameRange number 2 { name: 'mongodb', range: '*', hasData: true }
58 silly addNameRange versions [ 'mongodb',
58 silly addNameRange   [ '0.9.4',
58 silly addNameRange     '0.9.4-4',
58 silly addNameRange     '0.9.3',
58 silly addNameRange     '0.9.1',
58 silly addNameRange     '0.9.2',
58 silly addNameRange     '0.9.6-7',
58 silly addNameRange     '0.9.6-8',
58 silly addNameRange     '0.9.6-9',
58 silly addNameRange     '0.9.6-10',
58 silly addNameRange     '0.9.6-11',
58 silly addNameRange     '0.9.6-12',
58 silly addNameRange     '0.9.6-13',
58 silly addNameRange     '0.9.6-14',
58 silly addNameRange     '0.9.6-15',
58 silly addNameRange     '0.9.6-16',
58 silly addNameRange     '0.9.6-17',
58 silly addNameRange     '0.9.6-18',
58 silly addNameRange     '0.9.6-19',
58 silly addNameRange     '0.9.6-20',
58 silly addNameRange     '0.9.6-21',
58 silly addNameRange     '0.9.6-22',
58 silly addNameRange     '0.9.6-23',
58 silly addNameRange     '0.9.7',
58 silly addNameRange     '0.9.7-0',
58 silly addNameRange     '0.9.7-1',
58 silly addNameRange     '0.9.7-1.1',
58 silly addNameRange     '0.9.7-1.2',
58 silly addNameRange     '0.9.7-1.3',
58 silly addNameRange     '0.9.7-1.4',
58 silly addNameRange     '0.9.7-2',
58 silly addNameRange     '0.9.7-2-1',
58 silly addNameRange     '0.9.7-2-2',
58 silly addNameRange     '0.9.7-2-3',
58 silly addNameRange     '0.9.7-2-4',
58 silly addNameRange     '0.9.7-2-5',
58 silly addNameRange     '0.9.7-3',
58 silly addNameRange     '0.9.7-3-1',
58 silly addNameRange     '0.9.7-3-2',
58 silly addNameRange     '0.9.7-3-3',
58 silly addNameRange     '0.9.7-3-4',
58 silly addNameRange     '0.9.7-3-5',
58 silly addNameRange     '0.9.8',
58 silly addNameRange     '0.9.8-1',
58 silly addNameRange     '0.9.8-2',
58 silly addNameRange     '0.9.8-3',
58 silly addNameRange     '0.9.8-4',
58 silly addNameRange     '0.9.8-5',
58 silly addNameRange     '0.9.8-6',
58 silly addNameRange     '0.9.8-7',
58 silly addNameRange     '0.9.9',
58 silly addNameRange     '0.9.9-1',
58 silly addNameRange     '0.9.9-2',
58 silly addNameRange     '0.9.9-3',
58 silly addNameRange     '0.9.9-4',
58 silly addNameRange     '0.9.9-5',
58 silly addNameRange     '0.9.9-6',
58 silly addNameRange     '0.9.9-7',
58 silly addNameRange     '0.9.9-8',
58 silly addNameRange     '1.0.0',
58 silly addNameRange     '1.0.1',
58 silly addNameRange     '1.0.2',
58 silly addNameRange     '1.1.0-beta',
58 silly addNameRange     '1.1.0',
58 silly addNameRange     '1.1.1',
58 silly addNameRange     '1.1.2',
58 silly addNameRange     '1.1.3',
58 silly addNameRange     '1.1.4',
58 silly addNameRange     '1.1.5',
58 silly addNameRange     '1.1.6',
58 silly addNameRange     '1.1.7',
58 silly addNameRange     '1.1.8',
58 silly addNameRange     '1.1.9',
58 silly addNameRange     '1.1.10',
58 silly addNameRange     '1.1.11',
58 silly addNameRange     '1.2.0',
58 silly addNameRange     '1.2.1',
58 silly addNameRange     '1.2.2',
58 silly addNameRange     '1.2.3',
58 silly addNameRange     '1.2.4',
58 silly addNameRange     '1.2.5',
58 silly addNameRange     '1.2.6',
58 silly addNameRange     '1.2.7',
58 silly addNameRange     '1.2.8',
58 silly addNameRange     '1.2.9',
58 silly addNameRange     '1.2.10',
58 silly addNameRange     '1.2.11',
58 silly addNameRange     '1.2.12',
58 silly addNameRange     '1.2.13',
58 silly addNameRange     '1.2.14',
58 silly addNameRange     '1.3.0',
58 silly addNameRange     '1.3.1',
58 silly addNameRange     '1.3.2',
58 silly addNameRange     '1.3.3',
58 silly addNameRange     '1.3.4',
58 silly addNameRange     '1.3.5',
58 silly addNameRange     '1.3.6',
58 silly addNameRange     '1.3.7',
58 silly addNameRange     '1.3.8',
58 silly addNameRange     '1.3.9',
58 silly addNameRange     '1.3.10',
58 silly addNameRange     '1.3.11',
58 silly addNameRange     '1.3.12',
58 silly addNameRange     '1.3.14',
58 silly addNameRange     '1.3.15',
58 silly addNameRange     '1.3.17',
58 silly addNameRange     '1.3.18',
58 silly addNameRange     '1.3.19',
58 silly addNameRange     '1.4.0-rc2',
58 silly addNameRange     '1.3.20',
58 silly addNameRange     '1.4.0-rc3',
58 silly addNameRange     '1.3.21',
58 silly addNameRange     '1.3.22',
58 silly addNameRange     '1.3.23',
58 silly addNameRange     '1.4.0-rc4',
58 silly addNameRange     '1.4.0-rc5',
58 silly addNameRange     '1.4.0-rc6',
58 silly addNameRange     '1.4.0-rc7',
58 silly addNameRange     '1.4.0-rc8',
58 silly addNameRange     '1.4.0-rc9',
58 silly addNameRange     '1.4.0-rc10',
58 silly addNameRange     '1.4.0',
58 silly addNameRange     '1.4.1',
58 silly addNameRange     '1.4.2',
58 silly addNameRange     '1.4.3',
58 silly addNameRange     '1.4.4',
58 silly addNameRange     '1.4.5',
58 silly addNameRange     '1.4.6',
58 silly addNameRange     '1.4.7',
58 silly addNameRange     '1.4.8',
58 silly addNameRange     '1.4.9',
58 silly addNameRange     '1.4.10',
58 silly addNameRange     '2.0.0-alpha1',
58 silly addNameRange     '1.4.11',
58 silly addNameRange     '1.4.12',
58 silly addNameRange     '1.4.14',
58 silly addNameRange     '1.4.15',
58 silly addNameRange     '1.4.16',
58 silly addNameRange     '1.4.17',
58 silly addNameRange     '2.0.0-alpha2',
58 silly addNameRange     '1.4.18',
58 silly addNameRange     '2.0.0',
58 silly addNameRange     '2.0.1',
58 silly addNameRange     '2.0.2',
58 silly addNameRange     '1.4.19',
58 silly addNameRange     '2.0.3',
58 silly addNameRange     '2.0.4',
58 silly addNameRange     '2.0.5',
58 silly addNameRange     '2.0.6',
58 silly addNameRange     '1.4.20',
58 silly addNameRange     '1.4.22',
58 silly addNameRange     '2.0.7',
58 silly addNameRange     '2.0.8',
58 silly addNameRange     '2.0.9',
58 silly addNameRange     '1.4.23',
58 silly addNameRange     '2.0.10',
58 silly addNameRange     '1.4.24',
58 silly addNameRange     '2.0.11',
58 silly addNameRange     '1.4.25',
58 silly addNameRange     '2.0.12',
58 silly addNameRange     '1.4.26',
58 silly addNameRange     '1.4.27',
58 silly addNameRange     '1.4.28',
58 silly addNameRange     '2.0.13',
58 silly addNameRange     '2.0.14',
58 silly addNameRange     '1.4.29',
58 silly addNameRange     '2.0.15',
58 silly addNameRange     '1.4.30',
58 silly addNameRange     '2.0.16',
58 silly addNameRange     '1.4.31',
58 silly addNameRange     '2.0.17',
58 silly addNameRange     '1.4.32',
58 silly addNameRange     '2.0.18',
58 silly addNameRange     '2.0.19',
58 silly addNameRange     '1.4.33',
58 silly addNameRange     '2.0.20',
58 silly addNameRange     '2.0.21',
58 silly addNameRange     '1.4.34',
58 silly addNameRange     '2.0.22',
58 silly addNameRange     '2.0.23',
58 silly addNameRange     '1.4.35',
58 silly addNameRange     '2.0.24',
58 silly addNameRange     '2.0.25',
58 silly addNameRange     '2.0.26',
58 silly addNameRange     '2.0.27',
58 silly addNameRange     '2.0.28',
58 silly addNameRange     '2.0.29',
58 silly addNameRange     '1.4.36',
58 silly addNameRange     '2.0.30',
58 silly addNameRange     '1.4.37',
58 silly addNameRange     '2.0.31',
58 silly addNameRange     '1.4.38',
58 silly addNameRange     '2.0.32',
58 silly addNameRange     '2.0.33',
58 silly addNameRange     '2.1.0-alpha',
58 silly addNameRange     '2.0.34',
58 silly addNameRange     '2.0.35',
58 silly addNameRange     '2.0.36',
58 silly addNameRange     '2.0.37',
58 silly addNameRange     '2.0.38',
58 silly addNameRange     '2.0.39',
58 silly addNameRange     '1.4.39',
58 silly addNameRange     '2.0.40',
58 silly addNameRange     '2.0.41',
58 silly addNameRange     '2.0.42',
58 silly addNameRange     '2.0.43',
58 silly addNameRange     '2.0.44',
58 silly addNameRange     '2.0.45',
58 silly addNameRange     '2.0.46' ] ]
59 silly addNamed mongodb@2.0.46
60 verbose addNamed "2.0.46" is a plain semver version for mongodb
61 silly mapToRegistry name mongodb
62 silly mapToRegistry using default registry
63 silly mapToRegistry registry https://registry.npmjs.org/
64 silly mapToRegistry uri https://registry.npmjs.org/mongodb
65 verbose addRemoteTarball https://registry.npmjs.org/mongodb/-/mongodb-2.0.46.tgz not in flight; adding
66 verbose addRemoteTarball [ 'https://registry.npmjs.org/mongodb/-/mongodb-2.0.46.tgz',
66 verbose addRemoteTarball   'b1b857465e45e259b1e0e033698341a64cb93559' ]
67 info retry fetch attempt 1 at 6:17:49 AM
68 info attempt registry request try #1 at 6:17:49 AM
69 http fetch GET https://registry.npmjs.org/mongodb/-/mongodb-2.0.46.tgz
70 http fetch 200 https://registry.npmjs.org/mongodb/-/mongodb-2.0.46.tgz
71 silly fetchAndShaCheck shasum b1b857465e45e259b1e0e033698341a64cb93559
72 verbose addTmpTarball /var/folders/57/hr2c7__s1f1fsy900dw7tyjr0000gn/T/npm-3728-87ccf8bd/registry.npmjs.org/mongodb/-/mongodb-2.0.46.tgz not in flight; adding
73 verbose addTmpTarball already have metadata; skipping unpack for mongodb@2.0.46
74 silly cache afterAdd mongodb@2.0.46
75 verbose afterAdd /Users/admin/.npm/mongodb/2.0.46/package/package.json not in flight; writing
76 verbose afterAdd /Users/admin/.npm/mongodb/2.0.46/package/package.json written
77 silly install resolved [ { name: 'mongodb',
77 silly install resolved     version: '2.0.46',
77 silly install resolved     description: 'MongoDB legacy driver emulation layer on top of mongodb-core',
77 silly install resolved     main: 'index.js',
77 silly install resolved     repository:
77 silly install resolved      { type: 'git',
77 silly install resolved        url: 'git@github.com:mongodb/node-mongodb-native.git' },
77 silly install resolved     keywords: [ 'mongodb', 'driver', 'legacy' ],
77 silly install resolved     dependencies:
77 silly install resolved      { 'mongodb-core': '1.2.19',
77 silly install resolved        'readable-stream': '1.0.31',
77 silly install resolved        'es6-promise': '2.1.1' },
77 silly install resolved     devDependencies:
77 silly install resolved      { integra: '0.1.8',
77 silly install resolved        optimist: '0.6.1',
77 silly install resolved        bson: '~0.4',
77 silly install resolved        jsdoc: '3.3.0-beta3',
77 silly install resolved        semver: '4.1.0',
77 silly install resolved        rimraf: '2.2.6',
77 silly install resolved        gleak: '0.5.0',
77 silly install resolved        'mongodb-version-manager': '^0.8.8',
77 silly install resolved        'mongodb-tools': '~1.0',
77 silly install resolved        co: '4.5.4',
77 silly install resolved        bluebird: '2.9.27' },
77 silly install resolved     author: { name: 'Christian Kvalheim' },
77 silly install resolved     license: 'Apache-2.0',
77 silly install resolved     bugs: { url: 'https://github.com/mongodb/node-mongodb-native/issues' },
77 silly install resolved     scripts: { test: 'node test/runner.js -t functional' },
77 silly install resolved     homepage: 'https://github.com/mongodb/node-mongodb-native',
77 silly install resolved     gitHead: 'ba3cf959d728f7b0c86d3ef439b729a155d5c175',
77 silly install resolved     _id: 'mongodb@2.0.46',
77 silly install resolved     _shasum: 'b1b857465e45e259b1e0e033698341a64cb93559',
77 silly install resolved     _from: 'mongodb@*',
77 silly install resolved     _npmVersion: '2.14.7',
77 silly install resolved     _nodeVersion: '4.2.1',
77 silly install resolved     _npmUser: { name: 'christkv', email: 'christkv@gmail.com' },
77 silly install resolved     maintainers: [ [Object] ],
77 silly install resolved     dist:
77 silly install resolved      { shasum: 'b1b857465e45e259b1e0e033698341a64cb93559',
77 silly install resolved        tarball: 'http://registry.npmjs.org/mongodb/-/mongodb-2.0.46.tgz' },
77 silly install resolved     directories: {},
77 silly install resolved     _resolved: 'https://registry.npmjs.org/mongodb/-/mongodb-2.0.46.tgz' } ]
78 info install mongodb@2.0.46 into /Users/admin
79 info installOne mongodb@2.0.46
80 verbose installOne of mongodb to /Users/admin not in flight; installing
81 verbose lock using /Users/admin/.npm/_locks/mongodb-e3916f4bb6e941ed.lock for /Users/admin/node_modules/mongodb
82 silly install write writing mongodb 2.0.46 to /Users/admin/node_modules/mongodb
83 verbose unbuild node_modules/mongodb
84 info preuninstall mongodb@2.0.33
85 info uninstall mongodb@2.0.33
86 verbose unbuild rmStuff mongodb@2.0.33 from /Users/admin/node_modules
87 info postuninstall mongodb@2.0.33
88 silly gentlyRm /Users/admin/node_modules/mongodb is being purged from base /Users/admin
89 verbose gentlyRm don't care about contents; nuking /Users/admin/node_modules/mongodb
90 silly vacuum-fs purging /Users/admin/node_modules/mongodb
91 verbose unlock done using /Users/admin/.npm/_locks/mongodb-e3916f4bb6e941ed.lock for /Users/admin/node_modules/mongodb
92 verbose stack Error: EACCES: permission denied, unlink '/Users/admin/node_modules/mongodb/node_modules/mongodb-core/node_modules/bson/node_modules/bson-ext/node_modules/.bin/node-pre-gyp'
92 verbose stack     at Error (native)
93 verbose cwd /Users/admin/Downloads/week_2_crud/node_js_driver_updating/update_single/update_single
94 error Darwin 15.0.0
95 error argv "/usr/local/bin/node" "/usr/local/bin/npm" "install" "mongodb"
96 error node v4.0.0
97 error npm  v2.14.3
98 error path /Users/admin/node_modules/mongodb/node_modules/mongodb-core/node_modules/bson/node_modules/bson-ext/node_modules/.bin/node-pre-gyp
99 error code EACCES
100 error errno -13
101 error syscall unlink
102 error Error: EACCES: permission denied, unlink '/Users/admin/node_modules/mongodb/node_modules/mongodb-core/node_modules/bson/node_modules/bson-ext/node_modules/.bin/node-pre-gyp'
102 error     at Error (native)
102 error  { [Error: EACCES: permission denied, unlink '/Users/admin/node_modules/mongodb/node_modules/mongodb-core/node_modules/bson/node_modules/bson-ext/node_modules/.bin/node-pre-gyp']
102 error   errno: -13,
102 error   code: 'EACCES',
102 error   syscall: 'unlink',
102 error   path: '/Users/admin/node_modules/mongodb/node_modules/mongodb-core/node_modules/bson/node_modules/bson-ext/node_modules/.bin/node-pre-gyp' }
103 error Please try running this command again as root/Administrator.
104 verbose exit [ -13, true ]
105 verbose unbuild node_modules/mongodb
106 silly gentlyRm /Users/admin/node_modules/mongodb is being purged from base /Users/admin
107 verbose gentlyRm don't care about contents; nuking /Users/admin/node_modules/mongodb
108 silly vacuum-fs purging /Users/admin/node_modules/mongodb
109 error error rolling back Error: EACCES: permission denied, unlink '/Users/admin/node_modules/mongodb/node_modules/mongodb-core/node_modules/bson/node_modules/bson-ext/node_modules/.bin/node-pre-gyp'
109 error error rolling back     at Error (native)
109 error error rolling back  { [Error: EACCES: permission denied, unlink '/Users/admin/node_modules/mongodb/node_modules/mongodb-core/node_modules/bson/node_modules/bson-ext/node_modules/.bin/node-pre-gyp']
109 error error rolling back   errno: -13,
109 error error rolling back   code: 'EACCES',
109 error error rolling back   syscall: 'unlink',
109 error error rolling back   path: '/Users/admin/node_modules/mongodb/node_modules/mongodb-core/node_modules/bson/node_modules/bson-ext/node_modules/.bin/node-pre-gyp' }
